<?xml version="1.0" encoding="UTF-8"?>
<coverage generated="1558293742756" clover="3.2.0">
  <project timestamp="1558293742756" name="All files">
    <metrics statements="21" coveredstatements="19" conditionals="14" coveredconditionals="9" methods="10" coveredmethods="9" elements="45" coveredelements="37" complexity="0" loc="21" ncloc="21" packages="1" files="1" classes="1"/>
    <file name="rollup-plugin-generate-html-template.js" path="C:\Users\bengs\Workspace\Apps\rollup-plugin-generate-html-template\dist\rollup-plugin-generate-html-template.js">
      <metrics statements="21" coveredstatements="19" conditionals="14" coveredconditionals="9" methods="10" coveredmethods="9"/>
      <line num="3" count="1" type="cond" truecount="4" falsecount="1"/>
      <line num="5" count="1" type="stmt"/>
      <line num="6" count="1" type="stmt"/>
      <line num="18" count="3" type="stmt"/>
      <line num="20" count="3" type="cond" truecount="2" falsecount="0"/>
      <line num="22" count="3" type="cond" truecount="1" falsecount="1"/>
      <line num="23" count="3" type="stmt"/>
      <line num="26" count="3" type="stmt"/>
      <line num="27" count="3" type="stmt"/>
      <line num="28" count="2" type="cond" truecount="1" falsecount="1"/>
      <line num="29" count="0" type="stmt"/>
      <line num="33" count="2" type="stmt"/>
      <line num="34" count="2" type="stmt"/>
      <line num="36" count="2" type="stmt"/>
      <line num="38" count="2" type="stmt"/>
      <line num="51" count="2" type="stmt"/>
      <line num="52" count="2" type="stmt"/>
      <line num="53" count="2" type="stmt"/>
      <line num="54" count="2" type="cond" truecount="1" falsecount="1"/>
      <line num="57" count="0" type="stmt"/>
      <line num="62" count="1" type="stmt"/>
    </file>
  </project>
</coverage>
