<?xml version="1.0" encoding="UTF-8"?>
<coverage generated="1569493824072" clover="3.2.0">
  <project timestamp="1569493824072" name="All files">
    <metrics statements="28" coveredstatements="27" conditionals="20" coveredconditionals="17" methods="6" coveredmethods="6" elements="54" coveredelements="50" complexity="0" loc="28" ncloc="28" packages="1" files="1" classes="1"/>
    <file name="index.js" path="/Users/matthewbengston/source/repos/rollup-plugin-generate-html-template/src/index.js">
      <metrics statements="28" coveredstatements="27" conditionals="20" coveredconditionals="17" methods="6" coveredmethods="6"/>
      <line num="7" count="1" type="stmt"/>
      <line num="15" count="7" type="stmt"/>
      <line num="16" count="7" type="cond" truecount="4" falsecount="0"/>
      <line num="17" count="7" type="stmt"/>
      <line num="21" count="6" type="cond" truecount="2" falsecount="0"/>
      <line num="22" count="6" type="stmt"/>
      <line num="23" count="6" type="stmt"/>
      <line num="24" count="6" type="stmt"/>
      <line num="25" count="6" type="cond" truecount="3" falsecount="1"/>
      <line num="28" count="6" type="cond" truecount="2" falsecount="0"/>
      <line num="32" count="6" type="cond" truecount="1" falsecount="1"/>
      <line num="35" count="6" type="stmt"/>
      <line num="38" count="6" type="stmt"/>
      <line num="39" count="6" type="stmt"/>
      <line num="42" count="6" type="stmt"/>
      <line num="46" count="7" type="cond" truecount="2" falsecount="0"/>
      <line num="53" count="6" type="stmt"/>
      <line num="54" count="6" type="stmt"/>
      <line num="55" count="6" type="stmt"/>
      <line num="56" count="6" type="stmt"/>
      <line num="58" count="0" type="stmt"/>
      <line num="66" count="8" type="stmt"/>
      <line num="67" count="8" type="stmt"/>
      <line num="68" count="12" type="cond" truecount="2" falsecount="0"/>
      <line num="69" count="9" type="stmt"/>
      <line num="71" count="12" type="stmt"/>
      <line num="76" count="1" type="stmt"/>
      <line num="77" count="1" type="stmt"/>
    </file>
  </project>
</coverage>
