{
  "C:\\Users\\bengs\\Workspace\\Apps\\rollup-plugin-generate-html-template\\dist\\rollup-plugin-generate-html-template.js": {
    "path": "C:\\Users\\bengs\\Workspace\\Apps\\rollup-plugin-generate-html-template\\dist\\rollup-plugin-generate-html-template.js",
    "statementMap": {
      "0": {
        "start": { "line": 3, "column": 32 },
        "end": { "line": 3, "column": 112 }
      },
      "1": {
        "start": { "line": 5, "column": 9 },
        "end": { "line": 5, "column": 22 }
      },
      "2": {
        "start": { "line": 6, "column": 11 },
        "end": { "line": 6, "column": 43 }
      },
      "3": {
        "start": { "line": 18, "column": 6 },
        "end": { "line": 18, "column": 13 }
      },
      "4": {
        "start": { "line": 20, "column": 21 },
        "end": { "line": 20, "column": 54 }
      },
      "5": {
        "start": { "line": 22, "column": 21 },
        "end": { "line": 22, "column": 88 }
      },
      "6": {
        "start": { "line": 23, "column": 2 },
        "end": { "line": 41, "column": 4 }
      },
      "7": {
        "start": { "line": 26, "column": 21 },
        "end": { "line": 26, "column": 39 }
      },
      "8": {
        "start": { "line": 27, "column": 6 },
        "end": { "line": 39, "column": 10 }
      },
      "9": {
        "start": { "line": 27, "column": 46 },
        "end": { "line": 39, "column": 8 }
      },
      "10": {
        "start": { "line": 28, "column": 8 },
        "end": { "line": 30, "column": 9 }
      },
      "11": {
        "start": { "line": 29, "column": 10 },
        "end": { "line": 29, "column": 29 }
      },
      "12": {
        "start": { "line": 33, "column": 21 },
        "end": { "line": 33, "column": 44 }
      },
      "13": {
        "start": { "line": 34, "column": 29 },
        "end": { "line": 34, "column": 56 }
      },
      "14": {
        "start": { "line": 36, "column": 25 },
        "end": { "line": 36, "column": 156 }
      },
      "15": {
        "start": { "line": 38, "column": 8 },
        "end": { "line": 38, "column": 125 }
      },
      "16": {
        "start": { "line": 38, "column": 98 },
        "end": { "line": 38, "column": 107 }
      },
      "17": {
        "start": { "line": 38, "column": 114 },
        "end": { "line": 38, "column": 123 }
      },
      "18": {
        "start": { "line": 51, "column": 2 },
        "end": { "line": 59, "column": 5 }
      },
      "19": {
        "start": { "line": 52, "column": 4 },
        "end": { "line": 58, "column": 5 }
      },
      "20": {
        "start": { "line": 53, "column": 6 },
        "end": { "line": 55, "column": 9 }
      },
      "21": {
        "start": { "line": 54, "column": 8 },
        "end": { "line": 54, "column": 47 }
      },
      "22": {
        "start": { "line": 54, "column": 17 },
        "end": { "line": 54, "column": 29 }
      },
      "23": {
        "start": { "line": 54, "column": 34 },
        "end": { "line": 54, "column": 47 }
      },
      "24": {
        "start": { "line": 57, "column": 6 },
        "end": { "line": 57, "column": 16 }
      },
      "25": {
        "start": { "line": 62, "column": 0 },
        "end": { "line": 62, "column": 30 }
      }
    },
    "fnMap": {
      "0": {
        "name": "_interopDefault",
        "decl": {
          "start": { "line": 3, "column": 9 },
          "end": { "line": 3, "column": 24 }
        },
        "loc": {
          "start": { "line": 3, "column": 30 },
          "end": { "line": 3, "column": 114 }
        },
        "line": 3
      },
      "1": {
        "name": "htmlTemplate",
        "decl": {
          "start": { "line": 14, "column": 9 },
          "end": { "line": 14, "column": 21 }
        },
        "loc": {
          "start": { "line": 14, "column": 36 },
          "end": { "line": 42, "column": 1 }
        },
        "line": 14
      },
      "2": {
        "name": "generateBundle",
        "decl": {
          "start": { "line": 25, "column": 29 },
          "end": { "line": 25, "column": 43 }
        },
        "loc": {
          "start": { "line": 25, "column": 59 },
          "end": { "line": 40, "column": 5 }
        },
        "line": 25
      },
      "3": {
        "name": "(anonymous_3)",
        "decl": {
          "start": { "line": 27, "column": 25 },
          "end": { "line": 27, "column": 26 }
        },
        "loc": {
          "start": { "line": 27, "column": 46 },
          "end": { "line": 39, "column": 8 }
        },
        "line": 27
      },
      "4": {
        "name": "(anonymous_4)",
        "decl": {
          "start": { "line": 27, "column": 68 },
          "end": { "line": 27, "column": 69 }
        },
        "loc": {
          "start": { "line": 27, "column": 85 },
          "end": { "line": 39, "column": 7 }
        },
        "line": 27
      },
      "5": {
        "name": "(anonymous_5)",
        "decl": {
          "start": { "line": 38, "column": 92 },
          "end": { "line": 38, "column": 93 }
        },
        "loc": {
          "start": { "line": 38, "column": 98 },
          "end": { "line": 38, "column": 107 }
        },
        "line": 38
      },
      "6": {
        "name": "(anonymous_6)",
        "decl": {
          "start": { "line": 38, "column": 109 },
          "end": { "line": 38, "column": 110 }
        },
        "loc": {
          "start": { "line": 38, "column": 114 },
          "end": { "line": 38, "column": 123 }
        },
        "line": 38
      },
      "7": {
        "name": "promisify",
        "decl": {
          "start": { "line": 50, "column": 9 },
          "end": { "line": 50, "column": 18 }
        },
        "loc": {
          "start": { "line": 50, "column": 32 },
          "end": { "line": 60, "column": 1 }
        },
        "line": 50
      },
      "8": {
        "name": "(anonymous_8)",
        "decl": {
          "start": { "line": 51, "column": 21 },
          "end": { "line": 51, "column": 22 }
        },
        "loc": {
          "start": { "line": 51, "column": 42 },
          "end": { "line": 59, "column": 3 }
        },
        "line": 51
      },
      "9": {
        "name": "(anonymous_9)",
        "decl": {
          "start": { "line": 53, "column": 18 },
          "end": { "line": 53, "column": 19 }
        },
        "loc": {
          "start": { "line": 53, "column": 32 },
          "end": { "line": 55, "column": 7 }
        },
        "line": 53
      }
    },
    "branchMap": {
      "0": {
        "loc": {
          "start": { "line": 3, "column": 39 },
          "end": { "line": 3, "column": 111 }
        },
        "type": "cond-expr",
        "locations": [
          {
            "start": { "line": 3, "column": 93 },
            "end": { "line": 3, "column": 106 }
          },
          {
            "start": { "line": 3, "column": 109 },
            "end": { "line": 3, "column": 111 }
          }
        ],
        "line": 3
      },
      "1": {
        "loc": {
          "start": { "line": 3, "column": 40 },
          "end": { "line": 3, "column": 89 }
        },
        "type": "binary-expr",
        "locations": [
          {
            "start": { "line": 3, "column": 40 },
            "end": { "line": 3, "column": 42 }
          },
          {
            "start": { "line": 3, "column": 47 },
            "end": { "line": 3, "column": 69 }
          },
          {
            "start": { "line": 3, "column": 74 },
            "end": { "line": 3, "column": 89 }
          }
        ],
        "line": 3
      },
      "2": {
        "loc": {
          "start": { "line": 14, "column": 22 },
          "end": { "line": 14, "column": 34 }
        },
        "type": "default-arg",
        "locations": [
          {
            "start": { "line": 14, "column": 32 },
            "end": { "line": 14, "column": 34 }
          }
        ],
        "line": 14
      },
      "3": {
        "loc": {
          "start": { "line": 20, "column": 35 },
          "end": { "line": 20, "column": 53 }
        },
        "type": "binary-expr",
        "locations": [
          {
            "start": { "line": 20, "column": 35 },
            "end": { "line": 20, "column": 41 }
          },
          {
            "start": { "line": 20, "column": 45 },
            "end": { "line": 20, "column": 53 }
          }
        ],
        "line": 20
      },
      "4": {
        "loc": {
          "start": { "line": 22, "column": 21 },
          "end": { "line": 22, "column": 88 }
        },
        "type": "cond-expr",
        "locations": [
          {
            "start": { "line": 22, "column": 55 },
            "end": { "line": 22, "column": 75 }
          },
          {
            "start": { "line": 22, "column": 78 },
            "end": { "line": 22, "column": 88 }
          }
        ],
        "line": 22
      },
      "5": {
        "loc": {
          "start": { "line": 28, "column": 8 },
          "end": { "line": 30, "column": 9 }
        },
        "type": "if",
        "locations": [
          {
            "start": { "line": 28, "column": 8 },
            "end": { "line": 30, "column": 9 }
          },
          {
            "start": { "line": 28, "column": 8 },
            "end": { "line": 30, "column": 9 }
          }
        ],
        "line": 28
      },
      "6": {
        "loc": {
          "start": { "line": 54, "column": 8 },
          "end": { "line": 54, "column": 47 }
        },
        "type": "if",
        "locations": [
          {
            "start": { "line": 54, "column": 8 },
            "end": { "line": 54, "column": 47 }
          },
          {
            "start": { "line": 54, "column": 8 },
            "end": { "line": 54, "column": 47 }
          }
        ],
        "line": 54
      }
    },
    "s": {
      "0": 1,
      "1": 1,
      "2": 1,
      "3": 3,
      "4": 3,
      "5": 3,
      "6": 3,
      "7": 3,
      "8": 3,
      "9": 3,
      "10": 2,
      "11": 0,
      "12": 2,
      "13": 2,
      "14": 2,
      "15": 2,
      "16": 2,
      "17": 0,
      "18": 2,
      "19": 2,
      "20": 2,
      "21": 2,
      "22": 0,
      "23": 2,
      "24": 0,
      "25": 1
    },
    "f": {
      "0": 1,
      "1": 3,
      "2": 3,
      "3": 3,
      "4": 2,
      "5": 2,
      "6": 0,
      "7": 2,
      "8": 2,
      "9": 2
    },
    "b": {
      "0": [0, 1],
      "1": [1, 1, 1],
      "2": [0],
      "3": [3, 1],
      "4": [0, 3],
      "5": [0, 2],
      "6": [0, 2]
    },
    "_coverageSchema": "43e27e138ebf9cfc5966b082cf9a028302ed4184",
    "hash": "baf6600a9324b33fc96d9158db3258bcd73f89b5"
  }
}
