{
  "D:\\GitHub\\rollup-plugin-generate-html-template\\src\\index.js": {
    "path": "D:\\GitHub\\rollup-plugin-generate-html-template\\src\\index.js",
    "statementMap": {
      "0": {
        "start": { "line": 8, "column": 2 },
        "end": { "line": 8, "column": 84 }
      },
      "1": {
        "start": { "line": 16, "column": 59 },
        "end": { "line": 16, "column": 66 }
      },
      "2": {
        "start": { "line": 17, "column": 30 },
        "end": { "line": 17, "column": 68 }
      },
      "3": {
        "start": { "line": 18, "column": 2 },
        "end": { "line": 112, "column": 4 }
      },
      "4": {
        "start": { "line": 22, "column": 25 },
        "end": { "line": 22, "column": 48 }
      },
      "5": {
        "start": { "line": 23, "column": 6 },
        "end": { "line": 110, "column": 9 }
      },
      "6": {
        "start": { "line": 24, "column": 8 },
        "end": { "line": 109, "column": 9 }
      },
      "7": {
        "start": { "line": 25, "column": 10 },
        "end": { "line": 25, "column": 72 }
      },
      "8": {
        "start": { "line": 25, "column": 36 },
        "end": { "line": 25, "column": 72 }
      },
      "9": {
        "start": { "line": 28, "column": 12 },
        "end": { "line": 28, "column": 65 }
      },
      "10": {
        "start": { "line": 30, "column": 26 },
        "end": { "line": 30, "column": 35 }
      },
      "11": {
        "start": { "line": 31, "column": 32 },
        "end": { "line": 31, "column": 34 }
      },
      "12": {
        "start": { "line": 33, "column": 10 },
        "end": { "line": 37, "column": 11 }
      },
      "13": {
        "start": { "line": 34, "column": 12 },
        "end": { "line": 34, "column": 45 }
      },
      "14": {
        "start": { "line": 35, "column": 30 },
        "end": { "line": 35, "column": 65 }
      },
      "15": {
        "start": { "line": 36, "column": 12 },
        "end": { "line": 36, "column": 59 }
      },
      "16": {
        "start": { "line": 40, "column": 29 },
        "end": { "line": 40, "column": 62 }
      },
      "17": {
        "start": { "line": 44, "column": 12 },
        "end": { "line": 44, "column": 79 }
      },
      "18": {
        "start": { "line": 47, "column": 25 },
        "end": { "line": 47, "column": 52 }
      },
      "19": {
        "start": { "line": 50, "column": 21 },
        "end": { "line": 50, "column": 44 }
      },
      "20": {
        "start": { "line": 52, "column": 31 },
        "end": { "line": 59, "column": 6 }
      },
      "21": {
        "start": { "line": 55, "column": 30 },
        "end": { "line": 55, "column": 45 }
      },
      "22": {
        "start": { "line": 56, "column": 7 },
        "end": { "line": 56, "column": 92 }
      },
      "23": {
        "start": { "line": 57, "column": 7 },
        "end": { "line": 57, "column": 18 }
      },
      "24": {
        "start": { "line": 61, "column": 26 },
        "end": { "line": 61, "column": 59 }
      },
      "25": {
        "start": { "line": 62, "column": 5 },
        "end": { "line": 66, "column": 8 }
      },
      "26": {
        "start": { "line": 63, "column": 29 },
        "end": { "line": 63, "column": 56 }
      },
      "27": {
        "start": { "line": 64, "column": 20 },
        "end": { "line": 64, "column": 56 }
      },
      "28": {
        "start": { "line": 65, "column": 6 },
        "end": { "line": 65, "column": 46 }
      },
      "29": {
        "start": { "line": 68, "column": 25 },
        "end": { "line": 68, "column": 29 }
      },
      "30": {
        "start": { "line": 71, "column": 31 },
        "end": { "line": 71, "column": 62 }
      },
      "31": {
        "start": { "line": 74, "column": 10 },
        "end": { "line": 84, "column": 21 }
      },
      "32": {
        "start": { "line": 77, "column": 27 },
        "end": { "line": 77, "column": 53 }
      },
      "33": {
        "start": { "line": 80, "column": 18 },
        "end": { "line": 81, "column": 32 }
      },
      "34": {
        "start": { "line": 86, "column": 31 },
        "end": { "line": 86, "column": 62 }
      },
      "35": {
        "start": { "line": 89, "column": 10 },
        "end": { "line": 100, "column": 21 }
      },
      "36": {
        "start": { "line": 92, "column": 27 },
        "end": { "line": 92, "column": 52 }
      },
      "37": {
        "start": { "line": 95, "column": 18 },
        "end": { "line": 97, "column": 77 }
      },
      "38": {
        "start": { "line": 103, "column": 30 },
        "end": { "line": 103, "column": 62 }
      },
      "39": {
        "start": { "line": 104, "column": 10 },
        "end": { "line": 104, "column": 43 }
      },
      "40": {
        "start": { "line": 105, "column": 10 },
        "end": { "line": 105, "column": 52 }
      },
      "41": {
        "start": { "line": 106, "column": 10 },
        "end": { "line": 106, "column": 20 }
      },
      "42": {
        "start": { "line": 108, "column": 10 },
        "end": { "line": 108, "column": 20 }
      },
      "43": {
        "start": { "line": 116, "column": 18 },
        "end": { "line": 116, "column": 41 }
      },
      "44": {
        "start": { "line": 117, "column": 2 },
        "end": { "line": 122, "column": 9 }
      },
      "45": {
        "start": { "line": 118, "column": 4 },
        "end": { "line": 120, "column": 5 }
      },
      "46": {
        "start": { "line": 119, "column": 6 },
        "end": { "line": 119, "column": 31 }
      },
      "47": {
        "start": { "line": 121, "column": 4 },
        "end": { "line": 121, "column": 23 }
      },
      "48": {
        "start": { "line": 126, "column": 0 },
        "end": { "line": 126, "column": 45 }
      },
      "49": {
        "start": { "line": 127, "column": 0 },
        "end": { "line": 127, "column": 53 }
      }
    },
    "fnMap": {
      "0": {
        "name": "htmlTemplate",
        "decl": {
          "start": { "line": 15, "column": 24 },
          "end": { "line": 15, "column": 36 }
        },
        "loc": {
          "start": { "line": 15, "column": 51 },
          "end": { "line": 113, "column": 1 }
        },
        "line": 15
      },
      "1": {
        "name": "(anonymous_1)",
        "decl": {
          "start": { "line": 21, "column": 4 },
          "end": { "line": 21, "column": 5 }
        },
        "loc": {
          "start": { "line": 21, "column": 52 },
          "end": { "line": 111, "column": 5 }
        },
        "line": 21
      },
      "2": {
        "name": "(anonymous_2)",
        "decl": {
          "start": { "line": 23, "column": 25 },
          "end": { "line": 23, "column": 26 }
        },
        "loc": {
          "start": { "line": 23, "column": 52 },
          "end": { "line": 110, "column": 7 }
        },
        "line": 23
      },
      "3": {
        "name": "(anonymous_3)",
        "decl": {
          "start": { "line": 54, "column": 27 },
          "end": { "line": 54, "column": 28 }
        },
        "loc": {
          "start": { "line": 54, "column": 41 },
          "end": { "line": 58, "column": 7 }
        },
        "line": 54
      },
      "4": {
        "name": "(anonymous_4)",
        "decl": {
          "start": { "line": 62, "column": 26 },
          "end": { "line": 62, "column": 27 }
        },
        "loc": {
          "start": { "line": 62, "column": 54 },
          "end": { "line": 66, "column": 6 }
        },
        "line": 62
      },
      "5": {
        "name": "(anonymous_5)",
        "decl": {
          "start": { "line": 77, "column": 22 },
          "end": { "line": 77, "column": 23 }
        },
        "loc": {
          "start": { "line": 77, "column": 27 },
          "end": { "line": 77, "column": 53 }
        },
        "line": 77
      },
      "6": {
        "name": "(anonymous_6)",
        "decl": {
          "start": { "line": 79, "column": 16 },
          "end": { "line": 79, "column": 17 }
        },
        "loc": {
          "start": { "line": 80, "column": 18 },
          "end": { "line": 81, "column": 32 }
        },
        "line": 80
      },
      "7": {
        "name": "(anonymous_7)",
        "decl": {
          "start": { "line": 92, "column": 22 },
          "end": { "line": 92, "column": 23 }
        },
        "loc": {
          "start": { "line": 92, "column": 27 },
          "end": { "line": 92, "column": 52 }
        },
        "line": 92
      },
      "8": {
        "name": "(anonymous_8)",
        "decl": {
          "start": { "line": 94, "column": 16 },
          "end": { "line": 94, "column": 17 }
        },
        "loc": {
          "start": { "line": 95, "column": 18 },
          "end": { "line": 97, "column": 77 }
        },
        "line": 95
      },
      "9": {
        "name": "getEntryPoints",
        "decl": {
          "start": { "line": 115, "column": 9 },
          "end": { "line": 115, "column": 23 }
        },
        "loc": {
          "start": { "line": 115, "column": 41 },
          "end": { "line": 123, "column": 1 }
        },
        "line": 115
      },
      "10": {
        "name": "(anonymous_10)",
        "decl": {
          "start": { "line": 117, "column": 24 },
          "end": { "line": 117, "column": 25 }
        },
        "loc": {
          "start": { "line": 117, "column": 49 },
          "end": { "line": 122, "column": 3 }
        },
        "line": 117
      }
    },
    "branchMap": {
      "0": {
        "loc": {
          "start": { "line": 15, "column": 37 },
          "end": { "line": 15, "column": 49 }
        },
        "type": "default-arg",
        "locations": [
          {
            "start": { "line": 15, "column": 47 },
            "end": { "line": 15, "column": 49 }
          }
        ],
        "line": 15
      },
      "1": {
        "loc": {
          "start": { "line": 17, "column": 30 },
          "end": { "line": 17, "column": 68 }
        },
        "type": "cond-expr",
        "locations": [
          {
            "start": { "line": 17, "column": 58 },
            "end": { "line": 17, "column": 63 }
          },
          {
            "start": { "line": 17, "column": 66 },
            "end": { "line": 17, "column": 68 }
          }
        ],
        "line": 17
      },
      "2": {
        "loc": {
          "start": { "line": 17, "column": 30 },
          "end": { "line": 17, "column": 55 }
        },
        "type": "binary-expr",
        "locations": [
          {
            "start": { "line": 17, "column": 30 },
            "end": { "line": 17, "column": 35 }
          },
          {
            "start": { "line": 17, "column": 39 },
            "end": { "line": 17, "column": 55 }
          }
        ],
        "line": 17
      },
      "3": {
        "loc": {
          "start": { "line": 25, "column": 10 },
          "end": { "line": 25, "column": 72 }
        },
        "type": "if",
        "locations": [
          {
            "start": { "line": 25, "column": 10 },
            "end": { "line": 25, "column": 72 }
          },
          {
            "start": { "line": 25, "column": 10 },
            "end": { "line": 25, "column": 72 }
          }
        ],
        "line": 25
      },
      "4": {
        "loc": {
          "start": { "line": 25, "column": 14 },
          "end": { "line": 25, "column": 34 }
        },
        "type": "binary-expr",
        "locations": [
          {
            "start": { "line": 25, "column": 14 },
            "end": { "line": 25, "column": 21 }
          },
          {
            "start": { "line": 25, "column": 25 },
            "end": { "line": 25, "column": 34 }
          }
        ],
        "line": 25
      },
      "5": {
        "loc": {
          "start": { "line": 28, "column": 12 },
          "end": { "line": 28, "column": 65 }
        },
        "type": "binary-expr",
        "locations": [
          {
            "start": { "line": 28, "column": 12 },
            "end": { "line": 28, "column": 29 }
          },
          {
            "start": { "line": 28, "column": 33 },
            "end": { "line": 28, "column": 65 }
          }
        ],
        "line": 28
      },
      "6": {
        "loc": {
          "start": { "line": 33, "column": 10 },
          "end": { "line": 37, "column": 11 }
        },
        "type": "if",
        "locations": [
          {
            "start": { "line": 33, "column": 10 },
            "end": { "line": 37, "column": 11 }
          },
          {
            "start": { "line": 33, "column": 10 },
            "end": { "line": 37, "column": 11 }
          }
        ],
        "line": 33
      },
      "7": {
        "loc": {
          "start": { "line": 33, "column": 14 },
          "end": { "line": 33, "column": 52 }
        },
        "type": "binary-expr",
        "locations": [
          {
            "start": { "line": 33, "column": 14 },
            "end": { "line": 33, "column": 20 }
          },
          {
            "start": { "line": 33, "column": 24 },
            "end": { "line": 33, "column": 52 }
          }
        ],
        "line": 33
      },
      "8": {
        "loc": {
          "start": { "line": 36, "column": 30 },
          "end": { "line": 36, "column": 58 }
        },
        "type": "binary-expr",
        "locations": [
          {
            "start": { "line": 36, "column": 30 },
            "end": { "line": 36, "column": 39 }
          },
          {
            "start": { "line": 36, "column": 43 },
            "end": { "line": 36, "column": 58 }
          }
        ],
        "line": 36
      },
      "9": {
        "loc": {
          "start": { "line": 40, "column": 43 },
          "end": { "line": 40, "column": 61 }
        },
        "type": "binary-expr",
        "locations": [
          {
            "start": { "line": 40, "column": 43 },
            "end": { "line": 40, "column": 49 }
          },
          {
            "start": { "line": 40, "column": 53 },
            "end": { "line": 40, "column": 61 }
          }
        ],
        "line": 40
      },
      "10": {
        "loc": {
          "start": { "line": 44, "column": 12 },
          "end": { "line": 44, "column": 79 }
        },
        "type": "cond-expr",
        "locations": [
          {
            "start": { "line": 44, "column": 46 },
            "end": { "line": 44, "column": 66 }
          },
          {
            "start": { "line": 44, "column": 69 },
            "end": { "line": 44, "column": 79 }
          }
        ],
        "line": 44
      },
      "11": {
        "loc": {
          "start": { "line": 53, "column": 10 },
          "end": { "line": 53, "column": 27 }
        },
        "type": "binary-expr",
        "locations": [
          {
            "start": { "line": 53, "column": 10 },
            "end": { "line": 53, "column": 21 }
          },
          {
            "start": { "line": 53, "column": 25 },
            "end": { "line": 53, "column": 27 }
          }
        ],
        "line": 53
      },
      "12": {
        "loc": {
          "start": { "line": 56, "column": 71 },
          "end": { "line": 56, "column": 83 }
        },
        "type": "binary-expr",
        "locations": [
          {
            "start": { "line": 56, "column": 71 },
            "end": { "line": 56, "column": 77 }
          },
          {
            "start": { "line": 56, "column": 81 },
            "end": { "line": 56, "column": 83 }
          }
        ],
        "line": 56
      },
      "13": {
        "loc": {
          "start": { "line": 80, "column": 66 },
          "end": { "line": 81, "column": 22 }
        },
        "type": "binary-expr",
        "locations": [
          {
            "start": { "line": 80, "column": 66 },
            "end": { "line": 80, "column": 72 }
          },
          {
            "start": { "line": 81, "column": 20 },
            "end": { "line": 81, "column": 22 }
          }
        ],
        "line": 80
      },
      "14": {
        "loc": {
          "start": { "line": 97, "column": 46 },
          "end": { "line": 97, "column": 58 }
        },
        "type": "binary-expr",
        "locations": [
          {
            "start": { "line": 97, "column": 46 },
            "end": { "line": 97, "column": 52 }
          },
          {
            "start": { "line": 97, "column": 56 },
            "end": { "line": 97, "column": 58 }
          }
        ],
        "line": 97
      },
      "15": {
        "loc": {
          "start": { "line": 115, "column": 24 },
          "end": { "line": 115, "column": 39 }
        },
        "type": "default-arg",
        "locations": [
          {
            "start": { "line": 115, "column": 37 },
            "end": { "line": 115, "column": 39 }
          }
        ],
        "line": 115
      },
      "16": {
        "loc": {
          "start": { "line": 118, "column": 4 },
          "end": { "line": 120, "column": 5 }
        },
        "type": "if",
        "locations": [
          {
            "start": { "line": 118, "column": 4 },
            "end": { "line": 120, "column": 5 }
          },
          {
            "start": { "line": 118, "column": 4 },
            "end": { "line": 120, "column": 5 }
          }
        ],
        "line": 118
      }
    },
    "s": {
      "0": 1,
      "1": 11,
      "2": 11,
      "3": 11,
      "4": 11,
      "5": 11,
      "6": 11,
      "7": 11,
      "8": 1,
      "9": 10,
      "10": 10,
      "11": 10,
      "12": 10,
      "13": 1,
      "14": 1,
      "15": 1,
      "16": 10,
      "17": 10,
      "18": 10,
      "19": 10,
      "20": 10,
      "21": 13,
      "22": 13,
      "23": 13,
      "24": 10,
      "25": 10,
      "26": 15,
      "27": 15,
      "28": 15,
      "29": 10,
      "30": 10,
      "31": 10,
      "32": 13,
      "33": 1,
      "34": 10,
      "35": 10,
      "36": 13,
      "37": 12,
      "38": 10,
      "39": 10,
      "40": 10,
      "41": 10,
      "42": 1,
      "43": 2,
      "44": 2,
      "45": 4,
      "46": 2,
      "47": 4,
      "48": 1,
      "49": 1
    },
    "f": {
      "0": 11,
      "1": 11,
      "2": 11,
      "3": 13,
      "4": 15,
      "5": 13,
      "6": 1,
      "7": 13,
      "8": 12,
      "9": 2,
      "10": 4
    },
    "b": {
      "0": [0],
      "1": [1, 10],
      "2": [11, 1],
      "3": [1, 10],
      "4": [11, 7],
      "5": [10, 8],
      "6": [1, 9],
      "7": [10, 4],
      "8": [1, 1],
      "9": [10, 6],
      "10": [0, 10],
      "11": [10, 9],
      "12": [13, 12],
      "13": [1, 1],
      "14": [12, 11],
      "15": [1],
      "16": [2, 2]
    },
    "_coverageSchema": "43e27e138ebf9cfc5966b082cf9a028302ed4184",
    "hash": "21700e5d243482ae5904da195ea9214804faabd8"
  }
}
