TN:
SF:C:\Users\bengs\Workspace\Apps\rollup-plugin-generate-html-template\dist\rollup-plugin-generate-html-template.js
FN:5,_interopDefault
FN:16,htmlTemplate
FN:28,(anonymous_2)
FN:31,(anonymous_3)
FN:38,(anonymous_4)
FN:50,getEntryPoints
FN:52,(anonymous_6)
FNF:7
FNH:7
FNDA:2,_interopDefault
FNDA:3,htmlTemplate
FNDA:3,(anonymous_2)
FNDA:3,(anonymous_3)
FNDA:4,(anonymous_4)
FNDA:5,getEntryPoints
FNDA:9,(anonymous_6)
DA:3,1
DA:5,2
DA:7,1
DA:8,1
DA:20,3
DA:22,3
DA:24,3
DA:25,3
DA:29,3
DA:30,3
DA:31,3
DA:32,3
DA:33,3
DA:35,3
DA:36,3
DA:38,4
DA:40,3
DA:41,3
DA:43,0
DA:51,5
DA:52,5
DA:53,9
DA:54,6
DA:57,9
DA:61,1
DA:62,1
LF:26
LH:25
BRDA:5,0,0,0
BRDA:5,0,1,2
BRDA:5,1,0,2
BRDA:5,1,1,2
BRDA:5,1,2,2
BRDA:16,2,0,0
BRDA:22,3,0,3
BRDA:22,3,1,1
BRDA:24,4,0,0
BRDA:24,4,1,3
BRDA:29,5,0,3
BRDA:29,5,1,2
BRDA:50,6,0,1
BRDA:53,7,0,6
BRDA:53,7,1,3
BRF:15
BRH:12
end_of_record
