TN:
SF:/Users/matthewbengston/source/repos/rollup-plugin-generate-html-template/src/index.js
FN:11,htmlTemplate
FN:24,(anonymous_1)
FN:28,(anonymous_2)
FN:39,(anonymous_3)
FN:58,getEntryPoints
FN:60,(anonymous_5)
FNF:6
FNH:6
FNDA:4,htmlTemplate
FNDA:3,(anonymous_1)
FNDA:3,(anonymous_2)
FNDA:4,(anonymous_3)
FNDA:5,getEntryPoints
FNDA:9,(anonymous_5)
DA:12,4
DA:15,4
DA:19,4
DA:21,4
DA:25,3
DA:26,3
DA:28,3
DA:29,3
DA:30,3
DA:33,3
DA:34,3
DA:37,3
DA:39,4
DA:44,3
DA:45,3
DA:46,3
DA:47,3
DA:49,0
DA:50,0
DA:59,5
DA:60,5
DA:61,9
DA:62,6
DA:64,9
DA:69,1
LF:25
LH:23
BRDA:11,0,0,0
BRDA:15,1,0,4
BRDA:15,1,1,1
BRDA:19,2,0,0
BRDA:19,2,1,4
BRDA:25,3,0,3
BRDA:25,3,1,2
BRDA:58,4,0,1
BRDA:61,5,0,6
BRDA:61,5,1,3
BRF:10
BRH:8
end_of_record
